[1.377s] Invoking command in '/home/liam-bray/roboboat_ws/src/mhsboat_ctrl/build/mhsboat_ctrl': PYTHONPATH=/home/liam-bray/roboboat_ws/src/mhsboat_ctrl/build/mhsboat_ctrl/prefix_override:/usr/lib/python3/dist-packages/colcon_core/task/python/colcon_distutils_commands:/home/liam-bray/roboboat_ws/src/mhsboat_ctrl/install/mhsboat_ctrl/lib/python3.10/site-packages:${PYTHONPATH} /usr/bin/python3 -W ignore:setup.py install is deprecated -W ignore:easy_install command is deprecated setup.py develop --editable --build-directory /home/liam-bray/roboboat_ws/src/mhsboat_ctrl/build/mhsboat_ctrl/build --no-deps symlink_data
[1.976s] running develop
[2.286s] running egg_info
[2.286s] creating mhsboat_ctrl.egg-info
[2.286s] writing mhsboat_ctrl.egg-info/PKG-INFO
[2.286s] writing dependency_links to mhsboat_ctrl.egg-info/dependency_links.txt
[2.287s] writing entry points to mhsboat_ctrl.egg-info/entry_points.txt
[2.287s] writing requirements to mhsboat_ctrl.egg-info/requires.txt
[2.287s] writing top-level names to mhsboat_ctrl.egg-info/top_level.txt
[2.287s] writing manifest file 'mhsboat_ctrl.egg-info/SOURCES.txt'
[2.289s] reading manifest file 'mhsboat_ctrl.egg-info/SOURCES.txt'
[2.290s] writing manifest file 'mhsboat_ctrl.egg-info/SOURCES.txt'
[2.294s] running build_ext
[2.294s] Creating /home/liam-bray/roboboat_ws/src/mhsboat_ctrl/install/mhsboat_ctrl/lib/python3.10/site-packages/mhsboat-ctrl.egg-link (link to .)
[2.295s] Installing bag_recorder script to /home/liam-bray/roboboat_ws/src/mhsboat_ctrl/install/mhsboat_ctrl/lib/mhsboat_ctrl
[2.295s] Installing buoy_recognition script to /home/liam-bray/roboboat_ws/src/mhsboat_ctrl/install/mhsboat_ctrl/lib/mhsboat_ctrl
[2.295s] Installing center_of_clusters script to /home/liam-bray/roboboat_ws/src/mhsboat_ctrl/install/mhsboat_ctrl/lib/mhsboat_ctrl
[2.295s] Installing display_map script to /home/liam-bray/roboboat_ws/src/mhsboat_ctrl/install/mhsboat_ctrl/lib/mhsboat_ctrl
[2.296s] Installing mhsboat_ctrl script to /home/liam-bray/roboboat_ws/src/mhsboat_ctrl/install/mhsboat_ctrl/lib/mhsboat_ctrl
[2.296s] Installing sensors script to /home/liam-bray/roboboat_ws/src/mhsboat_ctrl/install/mhsboat_ctrl/lib/mhsboat_ctrl
[2.296s] Installing simulated_map script to /home/liam-bray/roboboat_ws/src/mhsboat_ctrl/install/mhsboat_ctrl/lib/mhsboat_ctrl
[2.296s] Installing vision script to /home/liam-bray/roboboat_ws/src/mhsboat_ctrl/install/mhsboat_ctrl/lib/mhsboat_ctrl
[2.296s] Installing vision_mhsboat_ctrl script to /home/liam-bray/roboboat_ws/src/mhsboat_ctrl/install/mhsboat_ctrl/lib/mhsboat_ctrl
[2.297s] 
[2.297s] Installed /home/liam-bray/roboboat_ws/src/mhsboat_ctrl/build/mhsboat_ctrl
[2.297s] running symlink_data
[2.297s] creating /home/liam-bray/roboboat_ws/src/mhsboat_ctrl/install/mhsboat_ctrl/share/ament_index
[2.297s] creating /home/liam-bray/roboboat_ws/src/mhsboat_ctrl/install/mhsboat_ctrl/share/ament_index/resource_index
[2.297s] creating /home/liam-bray/roboboat_ws/src/mhsboat_ctrl/install/mhsboat_ctrl/share/ament_index/resource_index/packages
[2.297s] symbolically linking /home/liam-bray/roboboat_ws/src/mhsboat_ctrl/build/mhsboat_ctrl/resource/mhsboat_ctrl -> /home/liam-bray/roboboat_ws/src/mhsboat_ctrl/install/mhsboat_ctrl/share/ament_index/resource_index/packages
[2.298s] symbolically linking /home/liam-bray/roboboat_ws/src/mhsboat_ctrl/build/mhsboat_ctrl/package.xml -> /home/liam-bray/roboboat_ws/src/mhsboat_ctrl/install/mhsboat_ctrl/share/mhsboat_ctrl
[2.298s] creating /home/liam-bray/roboboat_ws/src/mhsboat_ctrl/install/mhsboat_ctrl/share/mhsboat_ctrl/launch
[2.298s] symbolically linking /home/liam-bray/roboboat_ws/src/mhsboat_ctrl/build/mhsboat_ctrl/launch/simulation.launch.py -> /home/liam-bray/roboboat_ws/src/mhsboat_ctrl/install/mhsboat_ctrl/share/mhsboat_ctrl/launch
[2.298s] symbolically linking /home/liam-bray/roboboat_ws/src/mhsboat_ctrl/build/mhsboat_ctrl/launch/odometry.launch.py -> /home/liam-bray/roboboat_ws/src/mhsboat_ctrl/install/mhsboat_ctrl/share/mhsboat_ctrl/launch
[2.298s] symbolically linking /home/liam-bray/roboboat_ws/src/mhsboat_ctrl/build/mhsboat_ctrl/launch/mapping.launch.py -> /home/liam-bray/roboboat_ws/src/mhsboat_ctrl/install/mhsboat_ctrl/share/mhsboat_ctrl/launch
[2.298s] creating /home/liam-bray/roboboat_ws/src/mhsboat_ctrl/install/mhsboat_ctrl/share/mhsboat_ctrl/description
[2.298s] creating /home/liam-bray/roboboat_ws/src/mhsboat_ctrl/install/mhsboat_ctrl/share/mhsboat_ctrl/rviz
[2.298s] creating /home/liam-bray/roboboat_ws/src/mhsboat_ctrl/install/mhsboat_ctrl/share/mhsboat_ctrl/config
[2.299s] symbolically linking /home/liam-bray/roboboat_ws/src/mhsboat_ctrl/build/mhsboat_ctrl/config/ekf.yaml -> /home/liam-bray/roboboat_ws/src/mhsboat_ctrl/install/mhsboat_ctrl/share/mhsboat_ctrl/config
[2.344s] Invoked command in '/home/liam-bray/roboboat_ws/src/mhsboat_ctrl/build/mhsboat_ctrl' returned '0': PYTHONPATH=/home/liam-bray/roboboat_ws/src/mhsboat_ctrl/build/mhsboat_ctrl/prefix_override:/usr/lib/python3/dist-packages/colcon_core/task/python/colcon_distutils_commands:/home/liam-bray/roboboat_ws/src/mhsboat_ctrl/install/mhsboat_ctrl/lib/python3.10/site-packages:${PYTHONPATH} /usr/bin/python3 -W ignore:setup.py install is deprecated -W ignore:easy_install command is deprecated setup.py develop --editable --build-directory /home/liam-bray/roboboat_ws/src/mhsboat_ctrl/build/mhsboat_ctrl/build --no-deps symlink_data
