/home/liam-bray/roboboat_ws/src/mhsboat_ctrl/install/mhsboat_ctrl/lib/python3.10/site-packages/mhsboat_ctrl/gui.py
/home/liam-bray/roboboat_ws/src/mhsboat_ctrl/install/mhsboat_ctrl/lib/python3.10/site-packages/mhsboat_ctrl/testgui.py
/home/liam-bray/roboboat_ws/src/mhsboat_ctrl/install/mhsboat_ctrl/lib/python3.10/site-packages/mhsboat_ctrl/buoy_recognition.py
/home/liam-bray/roboboat_ws/src/mhsboat_ctrl/install/mhsboat_ctrl/lib/python3.10/site-packages/mhsboat_ctrl/task.py
/home/liam-bray/roboboat_ws/src/mhsboat_ctrl/install/mhsboat_ctrl/lib/python3.10/site-packages/mhsboat_ctrl/mhsboat_ctrl.py
/home/liam-bray/roboboat_ws/src/mhsboat_ctrl/install/mhsboat_ctrl/lib/python3.10/site-packages/mhsboat_ctrl/center_of_clusters.py
/home/liam-bray/roboboat_ws/src/mhsboat_ctrl/install/mhsboat_ctrl/lib/python3.10/site-packages/mhsboat_ctrl/__init__.py
/home/liam-bray/roboboat_ws/src/mhsboat_ctrl/install/mhsboat_ctrl/lib/python3.10/site-packages/mhsboat_ctrl/course_objects.py
/home/liam-bray/roboboat_ws/src/mhsboat_ctrl/install/mhsboat_ctrl/lib/python3.10/site-packages/mhsboat_ctrl/enums.py
/home/liam-bray/roboboat_ws/src/mhsboat_ctrl/install/mhsboat_ctrl/lib/python3.10/site-packages/mhsboat_ctrl/sensors.py
/home/liam-bray/roboboat_ws/src/mhsboat_ctrl/install/mhsboat_ctrl/lib/python3.10/site-packages/mhsboat_ctrl/tasks/taskone.py
/home/liam-bray/roboboat_ws/src/mhsboat_ctrl/install/mhsboat_ctrl/lib/python3.10/site-packages/mhsboat_ctrl/tasks/tasktwo.py
/home/liam-bray/roboboat_ws/src/mhsboat_ctrl/install/mhsboat_ctrl/lib/python3.10/site-packages/mhsboat_ctrl/tasks/__init__.py
/home/liam-bray/roboboat_ws/src/mhsboat_ctrl/install/mhsboat_ctrl/lib/python3.10/site-packages/mhsboat_ctrl/utils/thruster_controller.py
/home/liam-bray/roboboat_ws/src/mhsboat_ctrl/install/mhsboat_ctrl/lib/python3.10/site-packages/mhsboat_ctrl/utils/tempCodeRunnerFile.py
/home/liam-bray/roboboat_ws/src/mhsboat_ctrl/install/mhsboat_ctrl/lib/python3.10/site-packages/mhsboat_ctrl/utils/image_tools.py
/home/liam-bray/roboboat_ws/src/mhsboat_ctrl/install/mhsboat_ctrl/lib/python3.10/site-packages/mhsboat_ctrl/utils/math_util.py
/home/liam-bray/roboboat_ws/src/mhsboat_ctrl/install/mhsboat_ctrl/lib/python3.10/site-packages/mhsboat_ctrl/utils/custom_types.py
/home/liam-bray/roboboat_ws/src/mhsboat_ctrl/install/mhsboat_ctrl/lib/python3.10/site-packages/mhsboat_ctrl/utils/rgb.py
/home/liam-bray/roboboat_ws/src/mhsboat_ctrl/install/mhsboat_ctrl/lib/python3.10/site-packages/mhsboat_ctrl/utils/__init__.py
/home/liam-bray/roboboat_ws/src/mhsboat_ctrl/install/mhsboat_ctrl/lib/python3.10/site-packages/mhsboat_ctrl/utils/lidar.py
/home/liam-bray/roboboat_ws/src/mhsboat_ctrl/install/mhsboat_ctrl/lib/python3.10/site-packages/mhsboat_ctrl/__pycache__/gui.cpython-310.pyc
/home/liam-bray/roboboat_ws/src/mhsboat_ctrl/install/mhsboat_ctrl/lib/python3.10/site-packages/mhsboat_ctrl/__pycache__/testgui.cpython-310.pyc
/home/liam-bray/roboboat_ws/src/mhsboat_ctrl/install/mhsboat_ctrl/lib/python3.10/site-packages/mhsboat_ctrl/__pycache__/buoy_recognition.cpython-310.pyc
/home/liam-bray/roboboat_ws/src/mhsboat_ctrl/install/mhsboat_ctrl/lib/python3.10/site-packages/mhsboat_ctrl/__pycache__/task.cpython-310.pyc
/home/liam-bray/roboboat_ws/src/mhsboat_ctrl/install/mhsboat_ctrl/lib/python3.10/site-packages/mhsboat_ctrl/__pycache__/mhsboat_ctrl.cpython-310.pyc
/home/liam-bray/roboboat_ws/src/mhsboat_ctrl/install/mhsboat_ctrl/lib/python3.10/site-packages/mhsboat_ctrl/__pycache__/center_of_clusters.cpython-310.pyc
/home/liam-bray/roboboat_ws/src/mhsboat_ctrl/install/mhsboat_ctrl/lib/python3.10/site-packages/mhsboat_ctrl/__pycache__/__init__.cpython-310.pyc
/home/liam-bray/roboboat_ws/src/mhsboat_ctrl/install/mhsboat_ctrl/lib/python3.10/site-packages/mhsboat_ctrl/__pycache__/course_objects.cpython-310.pyc
/home/liam-bray/roboboat_ws/src/mhsboat_ctrl/install/mhsboat_ctrl/lib/python3.10/site-packages/mhsboat_ctrl/__pycache__/enums.cpython-310.pyc
/home/liam-bray/roboboat_ws/src/mhsboat_ctrl/install/mhsboat_ctrl/lib/python3.10/site-packages/mhsboat_ctrl/__pycache__/sensors.cpython-310.pyc
/home/liam-bray/roboboat_ws/src/mhsboat_ctrl/install/mhsboat_ctrl/lib/python3.10/site-packages/mhsboat_ctrl/tasks/__pycache__/taskone.cpython-310.pyc
/home/liam-bray/roboboat_ws/src/mhsboat_ctrl/install/mhsboat_ctrl/lib/python3.10/site-packages/mhsboat_ctrl/tasks/__pycache__/tasktwo.cpython-310.pyc
/home/liam-bray/roboboat_ws/src/mhsboat_ctrl/install/mhsboat_ctrl/lib/python3.10/site-packages/mhsboat_ctrl/tasks/__pycache__/__init__.cpython-310.pyc
/home/liam-bray/roboboat_ws/src/mhsboat_ctrl/install/mhsboat_ctrl/lib/python3.10/site-packages/mhsboat_ctrl/utils/__pycache__/thruster_controller.cpython-310.pyc
/home/liam-bray/roboboat_ws/src/mhsboat_ctrl/install/mhsboat_ctrl/lib/python3.10/site-packages/mhsboat_ctrl/utils/__pycache__/tempCodeRunnerFile.cpython-310.pyc
/home/liam-bray/roboboat_ws/src/mhsboat_ctrl/install/mhsboat_ctrl/lib/python3.10/site-packages/mhsboat_ctrl/utils/__pycache__/image_tools.cpython-310.pyc
/home/liam-bray/roboboat_ws/src/mhsboat_ctrl/install/mhsboat_ctrl/lib/python3.10/site-packages/mhsboat_ctrl/utils/__pycache__/math_util.cpython-310.pyc
/home/liam-bray/roboboat_ws/src/mhsboat_ctrl/install/mhsboat_ctrl/lib/python3.10/site-packages/mhsboat_ctrl/utils/__pycache__/custom_types.cpython-310.pyc
/home/liam-bray/roboboat_ws/src/mhsboat_ctrl/install/mhsboat_ctrl/lib/python3.10/site-packages/mhsboat_ctrl/utils/__pycache__/rgb.cpython-310.pyc
/home/liam-bray/roboboat_ws/src/mhsboat_ctrl/install/mhsboat_ctrl/lib/python3.10/site-packages/mhsboat_ctrl/utils/__pycache__/__init__.cpython-310.pyc
/home/liam-bray/roboboat_ws/src/mhsboat_ctrl/install/mhsboat_ctrl/lib/python3.10/site-packages/mhsboat_ctrl/utils/__pycache__/lidar.cpython-310.pyc
/home/liam-bray/roboboat_ws/src/mhsboat_ctrl/install/mhsboat_ctrl/share/ament_index/resource_index/packages/mhsboat_ctrl
/home/liam-bray/roboboat_ws/src/mhsboat_ctrl/install/mhsboat_ctrl/share/mhsboat_ctrl/package.xml
/home/liam-bray/roboboat_ws/src/mhsboat_ctrl/install/mhsboat_ctrl/share/mhsboat_ctrl/launch
/home/liam-bray/roboboat_ws/src/mhsboat_ctrl/install/mhsboat_ctrl/share/mhsboat_ctrl/description
/home/liam-bray/roboboat_ws/src/mhsboat_ctrl/install/mhsboat_ctrl/share/mhsboat_ctrl/rviz
/home/liam-bray/roboboat_ws/src/mhsboat_ctrl/install/mhsboat_ctrl/share/mhsboat_ctrl/config
/home/liam-bray/roboboat_ws/src/mhsboat_ctrl/install/mhsboat_ctrl/lib/python3.10/site-packages/mhsboat_ctrl-0.1-py3.10.egg-info/entry_points.txt
/home/liam-bray/roboboat_ws/src/mhsboat_ctrl/install/mhsboat_ctrl/lib/python3.10/site-packages/mhsboat_ctrl-0.1-py3.10.egg-info/top_level.txt
/home/liam-bray/roboboat_ws/src/mhsboat_ctrl/install/mhsboat_ctrl/lib/python3.10/site-packages/mhsboat_ctrl-0.1-py3.10.egg-info/zip-safe
/home/liam-bray/roboboat_ws/src/mhsboat_ctrl/install/mhsboat_ctrl/lib/python3.10/site-packages/mhsboat_ctrl-0.1-py3.10.egg-info/requires.txt
/home/liam-bray/roboboat_ws/src/mhsboat_ctrl/install/mhsboat_ctrl/lib/python3.10/site-packages/mhsboat_ctrl-0.1-py3.10.egg-info/dependency_links.txt
/home/liam-bray/roboboat_ws/src/mhsboat_ctrl/install/mhsboat_ctrl/lib/python3.10/site-packages/mhsboat_ctrl-0.1-py3.10.egg-info/PKG-INFO
/home/liam-bray/roboboat_ws/src/mhsboat_ctrl/install/mhsboat_ctrl/lib/python3.10/site-packages/mhsboat_ctrl-0.1-py3.10.egg-info/SOURCES.txt
/home/liam-bray/roboboat_ws/src/mhsboat_ctrl/install/mhsboat_ctrl/lib/mhsboat_ctrl/buoy_recognition
/home/liam-bray/roboboat_ws/src/mhsboat_ctrl/install/mhsboat_ctrl/lib/mhsboat_ctrl/center_of_clusters
/home/liam-bray/roboboat_ws/src/mhsboat_ctrl/install/mhsboat_ctrl/lib/mhsboat_ctrl/display_map
/home/liam-bray/roboboat_ws/src/mhsboat_ctrl/install/mhsboat_ctrl/lib/mhsboat_ctrl/mhsboat_ctrl
/home/liam-bray/roboboat_ws/src/mhsboat_ctrl/install/mhsboat_ctrl/lib/mhsboat_ctrl/sensors
/home/liam-bray/roboboat_ws/src/mhsboat_ctrl/install/mhsboat_ctrl/lib/mhsboat_ctrl/simulated_map
