[0.203s] DEBUG:colcon:Command line arguments: ['/usr/bin/colcon', 'build', '--symlink-install']
[0.203s] DEBUG:colcon:Parsed command line arguments: Namespace(log_base=None, log_level=None, verb_name='build', build_base='build', install_base='install', merge_install=False, symlink_install=True, test_result_base=None, continue_on_error=False, executor='parallel', parallel_workers=16, event_handlers=None, ignore_user_meta=False, metas=['./colcon.meta'], base_paths=['.'], packages_ignore=None, packages_ignore_regex=None, paths=None, packages_up_to=None, packages_up_to_regex=None, packages_above=None, packages_above_and_dependencies=None, packages_above_depth=None, packages_select_by_dep=None, packages_skip_by_dep=None, packages_skip_up_to=None, packages_select_build_failed=False, packages_skip_build_finished=False, packages_select_test_failures=False, packages_skip_test_passed=False, packages_select=None, packages_skip=None, packages_select_regex=None, packages_skip_regex=None, packages_start=None, packages_end=None, allow_overriding=[], cmake_args=None, cmake_target=None, cmake_target_skip_unavailable=False, cmake_clean_cache=False, cmake_clean_first=False, cmake_force_configure=False, ament_cmake_args=None, catkin_cmake_args=None, catkin_skip_building_tests=False, verb_parser=<colcon_defaults.argument_parser.defaults.DefaultArgumentsDecorator object at 0x73c210e5ee60>, verb_extension=<colcon_core.verb.build.BuildVerb object at 0x73c210e5ddb0>, main=<bound method BuildVerb.main of <colcon_core.verb.build.BuildVerb object at 0x73c210e5ddb0>>)
[0.528s] Level 1:colcon.colcon_core.package_discovery:discover_packages(colcon_meta) check parameters
[0.528s] Level 1:colcon.colcon_core.package_discovery:discover_packages(recursive) check parameters
[0.528s] Level 1:colcon.colcon_core.package_discovery:discover_packages(ignore) check parameters
[0.528s] Level 1:colcon.colcon_core.package_discovery:discover_packages(path) check parameters
[0.528s] Level 1:colcon.colcon_core.package_discovery:discover_packages(colcon_meta) discover
[0.528s] Level 1:colcon.colcon_core.package_discovery:discover_packages(recursive) discover
[0.528s] INFO:colcon.colcon_core.package_discovery:Crawling recursively for packages in '/home/liam-bray/roboboat_ws/src/mhsboat_ctrl'
[0.528s] Level 1:colcon.colcon_core.package_identification:_identify(.) by extensions ['ignore', 'ignore_ament_install']
[0.529s] Level 1:colcon.colcon_core.package_identification:_identify(.) by extension 'ignore'
[0.529s] Level 1:colcon.colcon_core.package_identification:_identify(.) by extension 'ignore_ament_install'
[0.529s] Level 1:colcon.colcon_core.package_identification:_identify(.) by extensions ['colcon_pkg']
[0.529s] Level 1:colcon.colcon_core.package_identification:_identify(.) by extension 'colcon_pkg'
[0.529s] Level 1:colcon.colcon_core.package_identification:_identify(.) by extensions ['colcon_meta']
[0.529s] Level 1:colcon.colcon_core.package_identification:_identify(.) by extension 'colcon_meta'
[0.529s] Level 1:colcon.colcon_core.package_identification:_identify(.) by extensions ['ros']
[0.529s] Level 1:colcon.colcon_core.package_identification:_identify(.) by extension 'ros'
[0.546s] DEBUG:colcon.colcon_core.package_identification:Package '.' with type 'ros.ament_python' and name 'mhsboat_ctrl'
[0.546s] Level 1:colcon.colcon_core.package_discovery:discover_packages(recursive) using defaults
[0.546s] Level 1:colcon.colcon_core.package_discovery:discover_packages(ignore) discover
[0.546s] Level 1:colcon.colcon_core.package_discovery:discover_packages(ignore) using defaults
[0.547s] Level 1:colcon.colcon_core.package_discovery:discover_packages(path) discover
[0.547s] Level 1:colcon.colcon_core.package_discovery:discover_packages(path) using defaults
[0.586s] Level 1:colcon.colcon_core.package_discovery:discover_packages(prefix_path) check parameters
[0.586s] Level 1:colcon.colcon_core.package_discovery:discover_packages(prefix_path) discover
[0.596s] DEBUG:colcon.colcon_installed_package_information.package_discovery:Found 4 installed packages in /home/liam-bray/roboboat_ws/install
[0.597s] DEBUG:colcon.colcon_installed_package_information.package_discovery:Found 2 installed packages in /home/liam-bray/branching_vine_robot_ws/install
[0.606s] DEBUG:colcon.colcon_installed_package_information.package_discovery:Found 345 installed packages in /home/liam-bray/ros2_humble/install
[0.609s] DEBUG:colcon.colcon_installed_package_information.package_discovery:Found 1 installed packages in /home/liam-bray/ardu_ws/install
[0.609s] DEBUG:colcon.colcon_installed_package_information.package_discovery:Found 192 installed packages in /opt/ros/humble
[0.615s] Level 1:colcon.colcon_core.package_discovery:discover_packages(prefix_path) using defaults
[0.658s] Level 5:colcon.colcon_core.verb:set package 'mhsboat_ctrl' build argument 'cmake_args' from command line to 'None'
[0.658s] Level 5:colcon.colcon_core.verb:set package 'mhsboat_ctrl' build argument 'cmake_target' from command line to 'None'
[0.658s] Level 5:colcon.colcon_core.verb:set package 'mhsboat_ctrl' build argument 'cmake_target_skip_unavailable' from command line to 'False'
[0.658s] Level 5:colcon.colcon_core.verb:set package 'mhsboat_ctrl' build argument 'cmake_clean_cache' from command line to 'False'
[0.658s] Level 5:colcon.colcon_core.verb:set package 'mhsboat_ctrl' build argument 'cmake_clean_first' from command line to 'False'
[0.658s] Level 5:colcon.colcon_core.verb:set package 'mhsboat_ctrl' build argument 'cmake_force_configure' from command line to 'False'
[0.658s] Level 5:colcon.colcon_core.verb:set package 'mhsboat_ctrl' build argument 'ament_cmake_args' from command line to 'None'
[0.658s] Level 5:colcon.colcon_core.verb:set package 'mhsboat_ctrl' build argument 'catkin_cmake_args' from command line to 'None'
[0.658s] Level 5:colcon.colcon_core.verb:set package 'mhsboat_ctrl' build argument 'catkin_skip_building_tests' from command line to 'False'
[0.658s] DEBUG:colcon.colcon_core.verb:Building package 'mhsboat_ctrl' with the following arguments: {'ament_cmake_args': None, 'build_base': '/home/liam-bray/roboboat_ws/src/mhsboat_ctrl/build/mhsboat_ctrl', 'catkin_cmake_args': None, 'catkin_skip_building_tests': False, 'cmake_args': None, 'cmake_clean_cache': False, 'cmake_clean_first': False, 'cmake_force_configure': False, 'cmake_target': None, 'cmake_target_skip_unavailable': False, 'install_base': '/home/liam-bray/roboboat_ws/src/mhsboat_ctrl/install/mhsboat_ctrl', 'merge_install': False, 'path': '/home/liam-bray/roboboat_ws/src/mhsboat_ctrl', 'symlink_install': True, 'test_result_base': None}
[0.658s] INFO:colcon.colcon_core.executor:Executing jobs using 'parallel' executor
[0.660s] DEBUG:colcon.colcon_parallel_executor.executor.parallel:run_until_complete
[0.660s] INFO:colcon.colcon_ros.task.ament_python.build:Building ROS package in '/home/liam-bray/roboboat_ws/src/mhsboat_ctrl' with build type 'ament_python'
[0.660s] Level 1:colcon.colcon_core.shell:create_environment_hook('mhsboat_ctrl', 'ament_prefix_path')
[0.665s] INFO:colcon.colcon_core.plugin_system:Skipping extension 'colcon_core.shell.bat': Not used on non-Windows systems
[0.665s] INFO:colcon.colcon_core.shell:Creating environment hook '/home/liam-bray/roboboat_ws/src/mhsboat_ctrl/install/mhsboat_ctrl/share/mhsboat_ctrl/hook/ament_prefix_path.ps1'
[0.666s] INFO:colcon.colcon_core.shell:Creating environment descriptor '/home/liam-bray/roboboat_ws/src/mhsboat_ctrl/install/mhsboat_ctrl/share/mhsboat_ctrl/hook/ament_prefix_path.dsv'
[0.666s] INFO:colcon.colcon_core.shell:Creating environment hook '/home/liam-bray/roboboat_ws/src/mhsboat_ctrl/install/mhsboat_ctrl/share/mhsboat_ctrl/hook/ament_prefix_path.sh'
[0.667s] INFO:colcon.colcon_core.shell:Skip shell extension 'powershell' for command environment: Not usable outside of PowerShell
[0.667s] DEBUG:colcon.colcon_core.shell:Skip shell extension 'dsv' for command environment
[1.260s] INFO:colcon.colcon_core.task.python.build:Building Python package in '/home/liam-bray/roboboat_ws/src/mhsboat_ctrl'
[1.260s] INFO:colcon.colcon_core.shell:Skip shell extension 'powershell' for command environment: Not usable outside of PowerShell
[1.260s] DEBUG:colcon.colcon_core.shell:Skip shell extension 'dsv' for command environment
[2.037s] DEBUG:colcon.colcon_core.event_handler.log_command:Invoking command in '/home/liam-bray/roboboat_ws/src/mhsboat_ctrl/build/mhsboat_ctrl': PYTHONPATH=/home/liam-bray/roboboat_ws/src/mhsboat_ctrl/build/mhsboat_ctrl/prefix_override:/usr/lib/python3/dist-packages/colcon_core/task/python/colcon_distutils_commands:/home/liam-bray/roboboat_ws/src/mhsboat_ctrl/install/mhsboat_ctrl/lib/python3.10/site-packages:${PYTHONPATH} /usr/bin/python3 -W ignore:setup.py install is deprecated -W ignore:easy_install command is deprecated setup.py develop --editable --build-directory /home/liam-bray/roboboat_ws/src/mhsboat_ctrl/build/mhsboat_ctrl/build --no-deps symlink_data
[3.002s] Level 1:colcon.colcon_core.shell:create_environment_hook('mhsboat_ctrl', 'pythonpath_develop')
[3.003s] INFO:colcon.colcon_core.shell:Creating environment hook '/home/liam-bray/roboboat_ws/src/mhsboat_ctrl/build/mhsboat_ctrl/share/mhsboat_ctrl/hook/pythonpath_develop.ps1'
[3.004s] DEBUG:colcon.colcon_core.event_handler.log_command:Invoked command in '/home/liam-bray/roboboat_ws/src/mhsboat_ctrl/build/mhsboat_ctrl' returned '0': PYTHONPATH=/home/liam-bray/roboboat_ws/src/mhsboat_ctrl/build/mhsboat_ctrl/prefix_override:/usr/lib/python3/dist-packages/colcon_core/task/python/colcon_distutils_commands:/home/liam-bray/roboboat_ws/src/mhsboat_ctrl/install/mhsboat_ctrl/lib/python3.10/site-packages:${PYTHONPATH} /usr/bin/python3 -W ignore:setup.py install is deprecated -W ignore:easy_install command is deprecated setup.py develop --editable --build-directory /home/liam-bray/roboboat_ws/src/mhsboat_ctrl/build/mhsboat_ctrl/build --no-deps symlink_data
[3.004s] INFO:colcon.colcon_core.shell:Creating environment descriptor '/home/liam-bray/roboboat_ws/src/mhsboat_ctrl/build/mhsboat_ctrl/share/mhsboat_ctrl/hook/pythonpath_develop.dsv'
[3.005s] INFO:colcon.colcon_core.shell:Creating environment hook '/home/liam-bray/roboboat_ws/src/mhsboat_ctrl/build/mhsboat_ctrl/share/mhsboat_ctrl/hook/pythonpath_develop.sh'
[3.010s] Level 1:colcon.colcon_core.environment:checking '/home/liam-bray/roboboat_ws/src/mhsboat_ctrl/install/mhsboat_ctrl' for CMake module files
[3.011s] Level 1:colcon.colcon_core.environment:checking '/home/liam-bray/roboboat_ws/src/mhsboat_ctrl/install/mhsboat_ctrl' for CMake config files
[3.011s] Level 1:colcon.colcon_core.environment:checking '/home/liam-bray/roboboat_ws/src/mhsboat_ctrl/install/mhsboat_ctrl/lib'
[3.011s] Level 1:colcon.colcon_core.environment:checking '/home/liam-bray/roboboat_ws/src/mhsboat_ctrl/install/mhsboat_ctrl/bin'
[3.011s] Level 1:colcon.colcon_core.environment:checking '/home/liam-bray/roboboat_ws/src/mhsboat_ctrl/install/mhsboat_ctrl/lib/pkgconfig/mhsboat_ctrl.pc'
[3.012s] Level 1:colcon.colcon_core.environment:checking '/home/liam-bray/roboboat_ws/src/mhsboat_ctrl/install/mhsboat_ctrl/lib/python3.10/site-packages'
[3.012s] Level 1:colcon.colcon_core.shell:create_environment_hook('mhsboat_ctrl', 'pythonpath')
[3.012s] INFO:colcon.colcon_core.shell:Creating environment hook '/home/liam-bray/roboboat_ws/src/mhsboat_ctrl/install/mhsboat_ctrl/share/mhsboat_ctrl/hook/pythonpath.ps1'
[3.012s] INFO:colcon.colcon_core.shell:Creating environment descriptor '/home/liam-bray/roboboat_ws/src/mhsboat_ctrl/install/mhsboat_ctrl/share/mhsboat_ctrl/hook/pythonpath.dsv'
[3.013s] INFO:colcon.colcon_core.shell:Creating environment hook '/home/liam-bray/roboboat_ws/src/mhsboat_ctrl/install/mhsboat_ctrl/share/mhsboat_ctrl/hook/pythonpath.sh'
[3.013s] Level 1:colcon.colcon_core.environment:checking '/home/liam-bray/roboboat_ws/src/mhsboat_ctrl/install/mhsboat_ctrl/bin'
[3.013s] Level 1:colcon.colcon_core.environment:create_environment_scripts_only(mhsboat_ctrl)
[3.014s] INFO:colcon.colcon_core.shell:Creating package script '/home/liam-bray/roboboat_ws/src/mhsboat_ctrl/install/mhsboat_ctrl/share/mhsboat_ctrl/package.ps1'
[3.015s] INFO:colcon.colcon_core.shell:Creating package descriptor '/home/liam-bray/roboboat_ws/src/mhsboat_ctrl/install/mhsboat_ctrl/share/mhsboat_ctrl/package.dsv'
[3.015s] INFO:colcon.colcon_core.shell:Creating package script '/home/liam-bray/roboboat_ws/src/mhsboat_ctrl/install/mhsboat_ctrl/share/mhsboat_ctrl/package.sh'
[3.016s] INFO:colcon.colcon_core.shell:Creating package script '/home/liam-bray/roboboat_ws/src/mhsboat_ctrl/install/mhsboat_ctrl/share/mhsboat_ctrl/package.bash'
[3.017s] INFO:colcon.colcon_core.shell:Creating package script '/home/liam-bray/roboboat_ws/src/mhsboat_ctrl/install/mhsboat_ctrl/share/mhsboat_ctrl/package.zsh'
[3.017s] Level 1:colcon.colcon_core.environment:create_file_with_runtime_dependencies(/home/liam-bray/roboboat_ws/src/mhsboat_ctrl/install/mhsboat_ctrl/share/colcon-core/packages/mhsboat_ctrl)
[3.018s] DEBUG:colcon.colcon_parallel_executor.executor.parallel:closing loop
[3.018s] DEBUG:colcon.colcon_parallel_executor.executor.parallel:loop closed
[3.018s] DEBUG:colcon.colcon_parallel_executor.executor.parallel:run_until_complete finished with '0'
[3.018s] DEBUG:colcon.colcon_core.event_reactor:joining thread
[3.032s] INFO:colcon.colcon_core.plugin_system:Skipping extension 'colcon_notification.desktop_notification.terminal_notifier': Not used on non-Darwin systems
[3.032s] INFO:colcon.colcon_core.plugin_system:Skipping extension 'colcon_notification.desktop_notification.win32': Not used on non-Windows systems
[3.032s] INFO:colcon.colcon_notification.desktop_notification:Sending desktop notification using 'notify2'
[3.053s] DEBUG:colcon.colcon_core.event_reactor:joined thread
[3.053s] INFO:colcon.colcon_core.shell:Creating prefix script '/home/liam-bray/roboboat_ws/src/mhsboat_ctrl/install/local_setup.ps1'
[3.054s] INFO:colcon.colcon_core.shell:Creating prefix util module '/home/liam-bray/roboboat_ws/src/mhsboat_ctrl/install/_local_setup_util_ps1.py'
[3.056s] INFO:colcon.colcon_core.shell:Creating prefix chain script '/home/liam-bray/roboboat_ws/src/mhsboat_ctrl/install/setup.ps1'
[3.066s] INFO:colcon.colcon_core.shell:Creating prefix script '/home/liam-bray/roboboat_ws/src/mhsboat_ctrl/install/local_setup.sh'
[3.066s] INFO:colcon.colcon_core.shell:Creating prefix util module '/home/liam-bray/roboboat_ws/src/mhsboat_ctrl/install/_local_setup_util_sh.py'
[3.067s] INFO:colcon.colcon_core.shell:Creating prefix chain script '/home/liam-bray/roboboat_ws/src/mhsboat_ctrl/install/setup.sh'
[3.077s] INFO:colcon.colcon_core.shell:Creating prefix script '/home/liam-bray/roboboat_ws/src/mhsboat_ctrl/install/local_setup.bash'
[3.077s] INFO:colcon.colcon_core.shell:Creating prefix chain script '/home/liam-bray/roboboat_ws/src/mhsboat_ctrl/install/setup.bash'
[3.087s] INFO:colcon.colcon_core.shell:Creating prefix script '/home/liam-bray/roboboat_ws/src/mhsboat_ctrl/install/local_setup.zsh'
[3.087s] INFO:colcon.colcon_core.shell:Creating prefix chain script '/home/liam-bray/roboboat_ws/src/mhsboat_ctrl/install/setup.zsh'
