-- The C compiler identification is GNU 11.4.0
-- The CXX compiler identification is GNU 11.4.0
-- Detecting C compiler ABI info
-- Detecting C compiler ABI info - done
-- Check for working C compiler: /usr/lib/ccache/cc - skipped
-- Detecting C compile features
-- Detecting C compile features - done
-- Detecting CXX compiler ABI info
-- Detecting CXX compiler ABI info - done
-- Check for working CXX compiler: /usr/lib/ccache/c++ - skipped
-- Detecting CXX compile features
-- Detecting CXX compile features - done
-- Found ament_cmake: 1.3.10 (/home/liam-bray/ros2_humble/install/ament_cmake/share/ament_cmake/cmake)
-- Found Python3: /usr/bin/python3 (found version "3.10.12") found components: Interpreter 
-- Found rosidl_default_generators: 1.2.0 (/home/liam-bray/ros2_humble/install/rosidl_default_generators/share/rosidl_default_generators/cmake)
-- Using all available rosidl_typesupport_c: rosidl_typesupport_fastrtps_c;rosidl_typesupport_introspection_c
-- Found rosidl_adapter: 3.1.5 (/home/liam-bray/ros2_humble/install/rosidl_adapter/share/rosidl_adapter/cmake)
-- Using all available rosidl_typesupport_cpp: rosidl_typesupport_fastrtps_cpp;rosidl_typesupport_introspection_cpp
-- Found ament_cmake_ros: 0.10.0 (/home/liam-bray/ros2_humble/install/ament_cmake_ros/share/ament_cmake_ros/cmake)
-- Using all available rosidl_typesupport_c: rosidl_typesupport_fastrtps_c;rosidl_typesupport_introspection_c
-- Using all available rosidl_typesupport_cpp: rosidl_typesupport_fastrtps_cpp;rosidl_typesupport_introspection_cpp
-- Found PythonInterp: /usr/bin/python3 (found suitable version "3.10.12", minimum required is "3.6") 
-- Found python_cmake_module: 0.10.0 (/home/liam-bray/ros2_humble/install/python_cmake_module/share/python_cmake_module/cmake)
-- Found PythonLibs: /usr/lib/x86_64-linux-gnu/libpython3.10.so (found suitable version "3.10.12", minimum required is "3.5") 
-- Using PYTHON_EXECUTABLE: /usr/bin/python3
-- Using PYTHON_INCLUDE_DIRS: /usr/include/python3.10
-- Using PYTHON_LIBRARIES: /usr/lib/x86_64-linux-gnu/libpython3.10.so
-- Found PythonExtra: .so  
-- Using numpy include directory: /home/liam-bray/.local/lib/python3.10/site-packages/numpy/core/include
-- Configuring done
-- Generating done
-- Build files have been written to: /home/liam-bray/roboboat_ws/src/boat_interfaces/build/boat_interfaces
[  1%] [34m[1mGenerating C code for ROS interfaces[0m
[  3%] [34m[1mGenerating C++ code for ROS interfaces[0m
[  3%] Built target ament_cmake_python_copy_boat_interfaces
running egg_info
creating boat_interfaces.egg-info
writing boat_interfaces.egg-info/PKG-INFO
writing dependency_links to boat_interfaces.egg-info/dependency_links.txt
writing top-level names to boat_interfaces.egg-info/top_level.txt
writing manifest file 'boat_interfaces.egg-info/SOURCES.txt'
reading manifest file 'boat_interfaces.egg-info/SOURCES.txt'
writing manifest file 'boat_interfaces.egg-info/SOURCES.txt'
[  9%] [32mBuilding C object CMakeFiles/boat_interfaces__rosidl_generator_c.dir/rosidl_generator_c/boat_interfaces/msg/detail/buoy_coordinates__functions.c.o[0m
[  9%] [32mBuilding C object CMakeFiles/boat_interfaces__rosidl_generator_c.dir/rosidl_generator_c/boat_interfaces/msg/detail/boat_movement__functions.c.o[0m
[  9%] [32mBuilding C object CMakeFiles/boat_interfaces__rosidl_generator_c.dir/rosidl_generator_c/boat_interfaces/msg/detail/buoy_map__functions.c.o[0m
[ 10%] [32mBuilding C object CMakeFiles/boat_interfaces__rosidl_generator_c.dir/rosidl_generator_c/boat_interfaces/msg/detail/ai_output__functions.c.o[0m
[ 10%] Built target boat_interfaces__cpp
[ 12%] [34m[1mGenerating C++ type support dispatch for ROS interfaces[0m
[ 14%] [34m[1mGenerating C++ introspection for ROS interfaces[0m
[ 16%] [34m[1mGenerating C++ type support for eProsima Fast-RTPS[0m
[ 16%] Built target ament_cmake_python_build_boat_interfaces_egg
[ 18%] [32m[1mLinking C shared library libboat_interfaces__rosidl_generator_c.so[0m
[ 18%] Built target boat_interfaces__rosidl_generator_c
[ 20%] [34m[1mGenerating C type support dispatch for ROS interfaces[0m
[ 21%] [34m[1mGenerating C type support for eProsima Fast-RTPS[0m
[ 23%] [34m[1mGenerating C introspection for ROS interfaces[0m
[ 25%] [32mBuilding CXX object CMakeFiles/boat_interfaces__rosidl_typesupport_cpp.dir/rosidl_typesupport_cpp/boat_interfaces/msg/buoy_map__type_support.cpp.o[0m
[ 30%] [32mBuilding CXX object CMakeFiles/boat_interfaces__rosidl_typesupport_cpp.dir/rosidl_typesupport_cpp/boat_interfaces/msg/boat_movement__type_support.cpp.o[0m
[ 30%] [32mBuilding CXX object CMakeFiles/boat_interfaces__rosidl_typesupport_introspection_cpp.dir/rosidl_typesupport_introspection_cpp/boat_interfaces/msg/detail/buoy_coordinates__type_support.cpp.o[0m
[ 30%] [32mBuilding CXX object CMakeFiles/boat_interfaces__rosidl_typesupport_introspection_cpp.dir/rosidl_typesupport_introspection_cpp/boat_interfaces/msg/detail/boat_movement__type_support.cpp.o[0m
[ 32%] [32mBuilding CXX object CMakeFiles/boat_interfaces__rosidl_typesupport_cpp.dir/rosidl_typesupport_cpp/boat_interfaces/msg/buoy_coordinates__type_support.cpp.o[0m
[ 34%] [32mBuilding CXX object CMakeFiles/boat_interfaces__rosidl_typesupport_introspection_cpp.dir/rosidl_typesupport_introspection_cpp/boat_interfaces/msg/detail/ai_output__type_support.cpp.o[0m
[ 36%] [32mBuilding CXX object CMakeFiles/boat_interfaces__rosidl_typesupport_cpp.dir/rosidl_typesupport_cpp/boat_interfaces/msg/ai_output__type_support.cpp.o[0m
[ 38%] [32mBuilding CXX object CMakeFiles/boat_interfaces__rosidl_typesupport_introspection_cpp.dir/rosidl_typesupport_introspection_cpp/boat_interfaces/msg/detail/buoy_map__type_support.cpp.o[0m
[ 40%] [32mBuilding CXX object CMakeFiles/boat_interfaces__rosidl_typesupport_fastrtps_cpp.dir/rosidl_typesupport_fastrtps_cpp/boat_interfaces/msg/detail/dds_fastrtps/buoy_coordinates__type_support.cpp.o[0m
[ 41%] [32mBuilding CXX object CMakeFiles/boat_interfaces__rosidl_typesupport_fastrtps_cpp.dir/rosidl_typesupport_fastrtps_cpp/boat_interfaces/msg/detail/dds_fastrtps/buoy_map__type_support.cpp.o[0m
[ 43%] [32mBuilding CXX object CMakeFiles/boat_interfaces__rosidl_typesupport_fastrtps_cpp.dir/rosidl_typesupport_fastrtps_cpp/boat_interfaces/msg/detail/dds_fastrtps/ai_output__type_support.cpp.o[0m
[ 45%] [32mBuilding CXX object CMakeFiles/boat_interfaces__rosidl_typesupport_fastrtps_cpp.dir/rosidl_typesupport_fastrtps_cpp/boat_interfaces/msg/detail/dds_fastrtps/boat_movement__type_support.cpp.o[0m
[ 47%] [32mBuilding CXX object CMakeFiles/boat_interfaces__rosidl_typesupport_c.dir/rosidl_typesupport_c/boat_interfaces/msg/ai_output__type_support.cpp.o[0m
[ 49%] [32mBuilding CXX object CMakeFiles/boat_interfaces__rosidl_typesupport_c.dir/rosidl_typesupport_c/boat_interfaces/msg/buoy_coordinates__type_support.cpp.o[0m
[ 50%] [32mBuilding CXX object CMakeFiles/boat_interfaces__rosidl_typesupport_c.dir/rosidl_typesupport_c/boat_interfaces/msg/buoy_map__type_support.cpp.o[0m
[ 52%] [32mBuilding CXX object CMakeFiles/boat_interfaces__rosidl_typesupport_c.dir/rosidl_typesupport_c/boat_interfaces/msg/boat_movement__type_support.cpp.o[0m
[ 54%] [32mBuilding CXX object CMakeFiles/boat_interfaces__rosidl_typesupport_fastrtps_c.dir/rosidl_typesupport_fastrtps_c/boat_interfaces/msg/detail/ai_output__type_support_c.cpp.o[0m
[ 56%] [32mBuilding C object CMakeFiles/boat_interfaces__rosidl_typesupport_introspection_c.dir/rosidl_typesupport_introspection_c/boat_interfaces/msg/detail/ai_output__type_support.c.o[0m
[ 58%] [32mBuilding C object CMakeFiles/boat_interfaces__rosidl_typesupport_introspection_c.dir/rosidl_typesupport_introspection_c/boat_interfaces/msg/detail/buoy_coordinates__type_support.c.o[0m
[ 60%] [32mBuilding C object CMakeFiles/boat_interfaces__rosidl_typesupport_introspection_c.dir/rosidl_typesupport_introspection_c/boat_interfaces/msg/detail/buoy_map__type_support.c.o[0m
[ 61%] [32mBuilding C object CMakeFiles/boat_interfaces__rosidl_typesupport_introspection_c.dir/rosidl_typesupport_introspection_c/boat_interfaces/msg/detail/boat_movement__type_support.c.o[0m
[ 63%] [32mBuilding CXX object CMakeFiles/boat_interfaces__rosidl_typesupport_fastrtps_c.dir/rosidl_typesupport_fastrtps_c/boat_interfaces/msg/detail/buoy_coordinates__type_support_c.cpp.o[0m
[ 65%] [32m[1mLinking CXX shared library libboat_interfaces__rosidl_typesupport_cpp.so[0m
[ 67%] [32m[1mLinking CXX shared library libboat_interfaces__rosidl_typesupport_c.so[0m
[ 69%] [32mBuilding CXX object CMakeFiles/boat_interfaces__rosidl_typesupport_fastrtps_c.dir/rosidl_typesupport_fastrtps_c/boat_interfaces/msg/detail/buoy_map__type_support_c.cpp.o[0m
[ 70%] [32mBuilding CXX object CMakeFiles/boat_interfaces__rosidl_typesupport_fastrtps_c.dir/rosidl_typesupport_fastrtps_c/boat_interfaces/msg/detail/boat_movement__type_support_c.cpp.o[0m
[ 72%] [32m[1mLinking C shared library libboat_interfaces__rosidl_typesupport_introspection_c.so[0m
[ 72%] Built target boat_interfaces__rosidl_typesupport_cpp
[ 72%] Built target boat_interfaces__rosidl_typesupport_c
[ 72%] Built target boat_interfaces__rosidl_typesupport_introspection_c
[ 74%] [32m[1mLinking CXX shared library libboat_interfaces__rosidl_typesupport_introspection_cpp.so[0m
[ 76%] [32m[1mLinking CXX shared library libboat_interfaces__rosidl_typesupport_fastrtps_cpp.so[0m
[ 76%] Built target boat_interfaces__rosidl_typesupport_introspection_cpp
[ 76%] Built target boat_interfaces__rosidl_typesupport_fastrtps_cpp
[ 78%] [32m[1mLinking CXX shared library libboat_interfaces__rosidl_typesupport_fastrtps_c.so[0m
[ 78%] Built target boat_interfaces__rosidl_typesupport_fastrtps_c
[ 78%] Built target boat_interfaces
[ 80%] [34m[1mGenerating Python code for ROS interfaces[0m
[ 80%] Built target boat_interfaces__py
[ 83%] [32mBuilding C object CMakeFiles/boat_interfaces__rosidl_generator_py.dir/rosidl_generator_py/boat_interfaces/msg/_buoy_map_s.c.o[0m
[ 83%] [32mBuilding C object CMakeFiles/boat_interfaces__rosidl_generator_py.dir/rosidl_generator_py/boat_interfaces/msg/_boat_movement_s.c.o[0m
[ 85%] [32mBuilding C object CMakeFiles/boat_interfaces__rosidl_generator_py.dir/rosidl_generator_py/boat_interfaces/msg/_ai_output_s.c.o[0m
[ 87%] [32mBuilding C object CMakeFiles/boat_interfaces__rosidl_generator_py.dir/rosidl_generator_py/boat_interfaces/msg/_buoy_coordinates_s.c.o[0m
[ 89%] [32m[1mLinking C shared library rosidl_generator_py/boat_interfaces/libboat_interfaces__rosidl_generator_py.so[0m
[ 89%] Built target boat_interfaces__rosidl_generator_py
[ 90%] [32mBuilding C object CMakeFiles/boat_interfaces__rosidl_typesupport_c__pyext.dir/rosidl_generator_py/boat_interfaces/_boat_interfaces_s.ep.rosidl_typesupport_c.c.o[0m
[ 92%] [32mBuilding C object CMakeFiles/boat_interfaces__rosidl_typesupport_fastrtps_c__pyext.dir/rosidl_generator_py/boat_interfaces/_boat_interfaces_s.ep.rosidl_typesupport_fastrtps_c.c.o[0m
[ 94%] [32mBuilding C object CMakeFiles/boat_interfaces__rosidl_typesupport_introspection_c__pyext.dir/rosidl_generator_py/boat_interfaces/_boat_interfaces_s.ep.rosidl_typesupport_introspection_c.c.o[0m
[ 96%] [32m[1mLinking C shared library rosidl_generator_py/boat_interfaces/boat_interfaces_s__rosidl_typesupport_c.cpython-310-x86_64-linux-gnu.so[0m
[ 98%] [32m[1mLinking C shared library rosidl_generator_py/boat_interfaces/boat_interfaces_s__rosidl_typesupport_fastrtps_c.cpython-310-x86_64-linux-gnu.so[0m
[100%] [32m[1mLinking C shared library rosidl_generator_py/boat_interfaces/boat_interfaces_s__rosidl_typesupport_introspection_c.cpython-310-x86_64-linux-gnu.so[0m
[100%] Built target boat_interfaces__rosidl_typesupport_c__pyext
[100%] Built target boat_interfaces__rosidl_typesupport_introspection_c__pyext
[100%] Built target boat_interfaces__rosidl_typesupport_fastrtps_c__pyext
-- Install configuration: ""
-- Installing: /home/liam-bray/roboboat_ws/src/boat_interfaces/install/boat_interfaces/share/ament_index/resource_index/rosidl_interfaces/boat_interfaces
-- Installing: /home/liam-bray/roboboat_ws/src/boat_interfaces/install/boat_interfaces/include/boat_interfaces/boat_interfaces
-- Installing: /home/liam-bray/roboboat_ws/src/boat_interfaces/install/boat_interfaces/include/boat_interfaces/boat_interfaces/msg
-- Installing: /home/liam-bray/roboboat_ws/src/boat_interfaces/install/boat_interfaces/include/boat_interfaces/boat_interfaces/msg/buoy_map.h
-- Installing: /home/liam-bray/roboboat_ws/src/boat_interfaces/install/boat_interfaces/include/boat_interfaces/boat_interfaces/msg/boat_movement.h
-- Installing: /home/liam-bray/roboboat_ws/src/boat_interfaces/install/boat_interfaces/include/boat_interfaces/boat_interfaces/msg/ai_output.h
-- Installing: /home/liam-bray/roboboat_ws/src/boat_interfaces/install/boat_interfaces/include/boat_interfaces/boat_interfaces/msg/detail
-- Installing: /home/liam-bray/roboboat_ws/src/boat_interfaces/install/boat_interfaces/include/boat_interfaces/boat_interfaces/msg/detail/ai_output__functions.h
-- Installing: /home/liam-bray/roboboat_ws/src/boat_interfaces/install/boat_interfaces/include/boat_interfaces/boat_interfaces/msg/detail/boat_movement__type_support.h
-- Installing: /home/liam-bray/roboboat_ws/src/boat_interfaces/install/boat_interfaces/include/boat_interfaces/boat_interfaces/msg/detail/buoy_map__functions.h
-- Installing: /home/liam-bray/roboboat_ws/src/boat_interfaces/install/boat_interfaces/include/boat_interfaces/boat_interfaces/msg/detail/boat_movement__functions.c
-- Installing: /home/liam-bray/roboboat_ws/src/boat_interfaces/install/boat_interfaces/include/boat_interfaces/boat_interfaces/msg/detail/boat_movement__functions.h
-- Installing: /home/liam-bray/roboboat_ws/src/boat_interfaces/install/boat_interfaces/include/boat_interfaces/boat_interfaces/msg/detail/ai_output__functions.c
-- Installing: /home/liam-bray/roboboat_ws/src/boat_interfaces/install/boat_interfaces/include/boat_interfaces/boat_interfaces/msg/detail/buoy_map__struct.h
-- Installing: /home/liam-bray/roboboat_ws/src/boat_interfaces/install/boat_interfaces/include/boat_interfaces/boat_interfaces/msg/detail/ai_output__struct.h
-- Installing: /home/liam-bray/roboboat_ws/src/boat_interfaces/install/boat_interfaces/include/boat_interfaces/boat_interfaces/msg/detail/buoy_map__functions.c
-- Installing: /home/liam-bray/roboboat_ws/src/boat_interfaces/install/boat_interfaces/include/boat_interfaces/boat_interfaces/msg/detail/ai_output__type_support.h
-- Installing: /home/liam-bray/roboboat_ws/src/boat_interfaces/install/boat_interfaces/include/boat_interfaces/boat_interfaces/msg/detail/buoy_coordinates__type_support.h
-- Installing: /home/liam-bray/roboboat_ws/src/boat_interfaces/install/boat_interfaces/include/boat_interfaces/boat_interfaces/msg/detail/buoy_coordinates__struct.h
-- Installing: /home/liam-bray/roboboat_ws/src/boat_interfaces/install/boat_interfaces/include/boat_interfaces/boat_interfaces/msg/detail/buoy_coordinates__functions.c
-- Installing: /home/liam-bray/roboboat_ws/src/boat_interfaces/install/boat_interfaces/include/boat_interfaces/boat_interfaces/msg/detail/boat_movement__struct.h
-- Installing: /home/liam-bray/roboboat_ws/src/boat_interfaces/install/boat_interfaces/include/boat_interfaces/boat_interfaces/msg/detail/buoy_map__type_support.h
-- Installing: /home/liam-bray/roboboat_ws/src/boat_interfaces/install/boat_interfaces/include/boat_interfaces/boat_interfaces/msg/detail/buoy_coordinates__functions.h
-- Installing: /home/liam-bray/roboboat_ws/src/boat_interfaces/install/boat_interfaces/include/boat_interfaces/boat_interfaces/msg/rosidl_generator_c__visibility_control.h
-- Installing: /home/liam-bray/roboboat_ws/src/boat_interfaces/install/boat_interfaces/include/boat_interfaces/boat_interfaces/msg/buoy_coordinates.h
-- Installing: /home/liam-bray/roboboat_ws/src/boat_interfaces/install/boat_interfaces/share/boat_interfaces/environment/library_path.sh
-- Installing: /home/liam-bray/roboboat_ws/src/boat_interfaces/install/boat_interfaces/share/boat_interfaces/environment/library_path.dsv
-- Installing: /home/liam-bray/roboboat_ws/src/boat_interfaces/install/boat_interfaces/lib/libboat_interfaces__rosidl_generator_c.so
-- Set runtime path of "/home/liam-bray/roboboat_ws/src/boat_interfaces/install/boat_interfaces/lib/libboat_interfaces__rosidl_generator_c.so" to ""
-- Up-to-date: /home/liam-bray/roboboat_ws/src/boat_interfaces/install/boat_interfaces/include/boat_interfaces/boat_interfaces
-- Up-to-date: /home/liam-bray/roboboat_ws/src/boat_interfaces/install/boat_interfaces/include/boat_interfaces/boat_interfaces/msg
-- Installing: /home/liam-bray/roboboat_ws/src/boat_interfaces/install/boat_interfaces/include/boat_interfaces/boat_interfaces/msg/rosidl_typesupport_fastrtps_c__visibility_control.h
-- Up-to-date: /home/liam-bray/roboboat_ws/src/boat_interfaces/install/boat_interfaces/include/boat_interfaces/boat_interfaces/msg/detail
-- Installing: /home/liam-bray/roboboat_ws/src/boat_interfaces/install/boat_interfaces/include/boat_interfaces/boat_interfaces/msg/detail/ai_output__rosidl_typesupport_fastrtps_c.h
-- Installing: /home/liam-bray/roboboat_ws/src/boat_interfaces/install/boat_interfaces/include/boat_interfaces/boat_interfaces/msg/detail/buoy_map__rosidl_typesupport_fastrtps_c.h
-- Installing: /home/liam-bray/roboboat_ws/src/boat_interfaces/install/boat_interfaces/include/boat_interfaces/boat_interfaces/msg/detail/buoy_coordinates__rosidl_typesupport_fastrtps_c.h
-- Installing: /home/liam-bray/roboboat_ws/src/boat_interfaces/install/boat_interfaces/include/boat_interfaces/boat_interfaces/msg/detail/boat_movement__rosidl_typesupport_fastrtps_c.h
-- Installing: /home/liam-bray/roboboat_ws/src/boat_interfaces/install/boat_interfaces/lib/libboat_interfaces__rosidl_typesupport_fastrtps_c.so
-- Set runtime path of "/home/liam-bray/roboboat_ws/src/boat_interfaces/install/boat_interfaces/lib/libboat_interfaces__rosidl_typesupport_fastrtps_c.so" to ""
-- Up-to-date: /home/liam-bray/roboboat_ws/src/boat_interfaces/install/boat_interfaces/include/boat_interfaces/boat_interfaces
-- Up-to-date: /home/liam-bray/roboboat_ws/src/boat_interfaces/install/boat_interfaces/include/boat_interfaces/boat_interfaces/msg
-- Up-to-date: /home/liam-bray/roboboat_ws/src/boat_interfaces/install/boat_interfaces/include/boat_interfaces/boat_interfaces/msg/detail
-- Installing: /home/liam-bray/roboboat_ws/src/boat_interfaces/install/boat_interfaces/include/boat_interfaces/boat_interfaces/msg/detail/boat_movement__rosidl_typesupport_introspection_c.h
-- Installing: /home/liam-bray/roboboat_ws/src/boat_interfaces/install/boat_interfaces/include/boat_interfaces/boat_interfaces/msg/detail/ai_output__rosidl_typesupport_introspection_c.h
-- Installing: /home/liam-bray/roboboat_ws/src/boat_interfaces/install/boat_interfaces/include/boat_interfaces/boat_interfaces/msg/detail/buoy_coordinates__type_support.c
-- Installing: /home/liam-bray/roboboat_ws/src/boat_interfaces/install/boat_interfaces/include/boat_interfaces/boat_interfaces/msg/detail/buoy_map__type_support.c
-- Installing: /home/liam-bray/roboboat_ws/src/boat_interfaces/install/boat_interfaces/include/boat_interfaces/boat_interfaces/msg/detail/ai_output__type_support.c
-- Installing: /home/liam-bray/roboboat_ws/src/boat_interfaces/install/boat_interfaces/include/boat_interfaces/boat_interfaces/msg/detail/buoy_map__rosidl_typesupport_introspection_c.h
-- Installing: /home/liam-bray/roboboat_ws/src/boat_interfaces/install/boat_interfaces/include/boat_interfaces/boat_interfaces/msg/detail/buoy_coordinates__rosidl_typesupport_introspection_c.h
-- Installing: /home/liam-bray/roboboat_ws/src/boat_interfaces/install/boat_interfaces/include/boat_interfaces/boat_interfaces/msg/detail/boat_movement__type_support.c
-- Installing: /home/liam-bray/roboboat_ws/src/boat_interfaces/install/boat_interfaces/include/boat_interfaces/boat_interfaces/msg/rosidl_typesupport_introspection_c__visibility_control.h
-- Installing: /home/liam-bray/roboboat_ws/src/boat_interfaces/install/boat_interfaces/lib/libboat_interfaces__rosidl_typesupport_introspection_c.so
-- Set runtime path of "/home/liam-bray/roboboat_ws/src/boat_interfaces/install/boat_interfaces/lib/libboat_interfaces__rosidl_typesupport_introspection_c.so" to ""
-- Installing: /home/liam-bray/roboboat_ws/src/boat_interfaces/install/boat_interfaces/lib/libboat_interfaces__rosidl_typesupport_c.so
-- Set runtime path of "/home/liam-bray/roboboat_ws/src/boat_interfaces/install/boat_interfaces/lib/libboat_interfaces__rosidl_typesupport_c.so" to ""
-- Up-to-date: /home/liam-bray/roboboat_ws/src/boat_interfaces/install/boat_interfaces/include/boat_interfaces/boat_interfaces
-- Up-to-date: /home/liam-bray/roboboat_ws/src/boat_interfaces/install/boat_interfaces/include/boat_interfaces/boat_interfaces/msg
-- Installing: /home/liam-bray/roboboat_ws/src/boat_interfaces/install/boat_interfaces/include/boat_interfaces/boat_interfaces/msg/ai_output.hpp
-- Up-to-date: /home/liam-bray/roboboat_ws/src/boat_interfaces/install/boat_interfaces/include/boat_interfaces/boat_interfaces/msg/detail
-- Installing: /home/liam-bray/roboboat_ws/src/boat_interfaces/install/boat_interfaces/include/boat_interfaces/boat_interfaces/msg/detail/buoy_map__traits.hpp
-- Installing: /home/liam-bray/roboboat_ws/src/boat_interfaces/install/boat_interfaces/include/boat_interfaces/boat_interfaces/msg/detail/boat_movement__struct.hpp
-- Installing: /home/liam-bray/roboboat_ws/src/boat_interfaces/install/boat_interfaces/include/boat_interfaces/boat_interfaces/msg/detail/ai_output__traits.hpp
-- Installing: /home/liam-bray/roboboat_ws/src/boat_interfaces/install/boat_interfaces/include/boat_interfaces/boat_interfaces/msg/detail/buoy_map__struct.hpp
-- Installing: /home/liam-bray/roboboat_ws/src/boat_interfaces/install/boat_interfaces/include/boat_interfaces/boat_interfaces/msg/detail/buoy_coordinates__struct.hpp
-- Installing: /home/liam-bray/roboboat_ws/src/boat_interfaces/install/boat_interfaces/include/boat_interfaces/boat_interfaces/msg/detail/buoy_coordinates__traits.hpp
-- Installing: /home/liam-bray/roboboat_ws/src/boat_interfaces/install/boat_interfaces/include/boat_interfaces/boat_interfaces/msg/detail/boat_movement__type_support.hpp
-- Installing: /home/liam-bray/roboboat_ws/src/boat_interfaces/install/boat_interfaces/include/boat_interfaces/boat_interfaces/msg/detail/buoy_coordinates__builder.hpp
-- Installing: /home/liam-bray/roboboat_ws/src/boat_interfaces/install/boat_interfaces/include/boat_interfaces/boat_interfaces/msg/detail/boat_movement__traits.hpp
-- Installing: /home/liam-bray/roboboat_ws/src/boat_interfaces/install/boat_interfaces/include/boat_interfaces/boat_interfaces/msg/detail/ai_output__builder.hpp
-- Installing: /home/liam-bray/roboboat_ws/src/boat_interfaces/install/boat_interfaces/include/boat_interfaces/boat_interfaces/msg/detail/boat_movement__builder.hpp
-- Installing: /home/liam-bray/roboboat_ws/src/boat_interfaces/install/boat_interfaces/include/boat_interfaces/boat_interfaces/msg/detail/buoy_map__builder.hpp
-- Installing: /home/liam-bray/roboboat_ws/src/boat_interfaces/install/boat_interfaces/include/boat_interfaces/boat_interfaces/msg/detail/buoy_coordinates__type_support.hpp
-- Installing: /home/liam-bray/roboboat_ws/src/boat_interfaces/install/boat_interfaces/include/boat_interfaces/boat_interfaces/msg/detail/ai_output__type_support.hpp
-- Installing: /home/liam-bray/roboboat_ws/src/boat_interfaces/install/boat_interfaces/include/boat_interfaces/boat_interfaces/msg/detail/ai_output__struct.hpp
-- Installing: /home/liam-bray/roboboat_ws/src/boat_interfaces/install/boat_interfaces/include/boat_interfaces/boat_interfaces/msg/detail/buoy_map__type_support.hpp
-- Installing: /home/liam-bray/roboboat_ws/src/boat_interfaces/install/boat_interfaces/include/boat_interfaces/boat_interfaces/msg/rosidl_generator_cpp__visibility_control.hpp
-- Installing: /home/liam-bray/roboboat_ws/src/boat_interfaces/install/boat_interfaces/include/boat_interfaces/boat_interfaces/msg/buoy_coordinates.hpp
-- Installing: /home/liam-bray/roboboat_ws/src/boat_interfaces/install/boat_interfaces/include/boat_interfaces/boat_interfaces/msg/boat_movement.hpp
-- Installing: /home/liam-bray/roboboat_ws/src/boat_interfaces/install/boat_interfaces/include/boat_interfaces/boat_interfaces/msg/buoy_map.hpp
-- Up-to-date: /home/liam-bray/roboboat_ws/src/boat_interfaces/install/boat_interfaces/include/boat_interfaces/boat_interfaces
-- Up-to-date: /home/liam-bray/roboboat_ws/src/boat_interfaces/install/boat_interfaces/include/boat_interfaces/boat_interfaces/msg
-- Installing: /home/liam-bray/roboboat_ws/src/boat_interfaces/install/boat_interfaces/include/boat_interfaces/boat_interfaces/msg/rosidl_typesupport_fastrtps_cpp__visibility_control.h
-- Up-to-date: /home/liam-bray/roboboat_ws/src/boat_interfaces/install/boat_interfaces/include/boat_interfaces/boat_interfaces/msg/detail
-- Installing: /home/liam-bray/roboboat_ws/src/boat_interfaces/install/boat_interfaces/include/boat_interfaces/boat_interfaces/msg/detail/dds_fastrtps
-- Installing: /home/liam-bray/roboboat_ws/src/boat_interfaces/install/boat_interfaces/include/boat_interfaces/boat_interfaces/msg/detail/boat_movement__rosidl_typesupport_fastrtps_cpp.hpp
-- Installing: /home/liam-bray/roboboat_ws/src/boat_interfaces/install/boat_interfaces/include/boat_interfaces/boat_interfaces/msg/detail/ai_output__rosidl_typesupport_fastrtps_cpp.hpp
-- Installing: /home/liam-bray/roboboat_ws/src/boat_interfaces/install/boat_interfaces/include/boat_interfaces/boat_interfaces/msg/detail/buoy_map__rosidl_typesupport_fastrtps_cpp.hpp
-- Installing: /home/liam-bray/roboboat_ws/src/boat_interfaces/install/boat_interfaces/include/boat_interfaces/boat_interfaces/msg/detail/buoy_coordinates__rosidl_typesupport_fastrtps_cpp.hpp
-- Installing: /home/liam-bray/roboboat_ws/src/boat_interfaces/install/boat_interfaces/lib/libboat_interfaces__rosidl_typesupport_fastrtps_cpp.so
-- Set runtime path of "/home/liam-bray/roboboat_ws/src/boat_interfaces/install/boat_interfaces/lib/libboat_interfaces__rosidl_typesupport_fastrtps_cpp.so" to ""
-- Up-to-date: /home/liam-bray/roboboat_ws/src/boat_interfaces/install/boat_interfaces/include/boat_interfaces/boat_interfaces
-- Up-to-date: /home/liam-bray/roboboat_ws/src/boat_interfaces/install/boat_interfaces/include/boat_interfaces/boat_interfaces/msg
-- Up-to-date: /home/liam-bray/roboboat_ws/src/boat_interfaces/install/boat_interfaces/include/boat_interfaces/boat_interfaces/msg/detail
-- Installing: /home/liam-bray/roboboat_ws/src/boat_interfaces/install/boat_interfaces/include/boat_interfaces/boat_interfaces/msg/detail/buoy_map__rosidl_typesupport_introspection_cpp.hpp
-- Installing: /home/liam-bray/roboboat_ws/src/boat_interfaces/install/boat_interfaces/include/boat_interfaces/boat_interfaces/msg/detail/ai_output__rosidl_typesupport_introspection_cpp.hpp
-- Installing: /home/liam-bray/roboboat_ws/src/boat_interfaces/install/boat_interfaces/include/boat_interfaces/boat_interfaces/msg/detail/boat_movement__type_support.cpp
-- Installing: /home/liam-bray/roboboat_ws/src/boat_interfaces/install/boat_interfaces/include/boat_interfaces/boat_interfaces/msg/detail/buoy_map__type_support.cpp
-- Installing: /home/liam-bray/roboboat_ws/src/boat_interfaces/install/boat_interfaces/include/boat_interfaces/boat_interfaces/msg/detail/boat_movement__rosidl_typesupport_introspection_cpp.hpp
-- Installing: /home/liam-bray/roboboat_ws/src/boat_interfaces/install/boat_interfaces/include/boat_interfaces/boat_interfaces/msg/detail/buoy_coordinates__rosidl_typesupport_introspection_cpp.hpp
-- Installing: /home/liam-bray/roboboat_ws/src/boat_interfaces/install/boat_interfaces/include/boat_interfaces/boat_interfaces/msg/detail/buoy_coordinates__type_support.cpp
-- Installing: /home/liam-bray/roboboat_ws/src/boat_interfaces/install/boat_interfaces/include/boat_interfaces/boat_interfaces/msg/detail/ai_output__type_support.cpp
-- Installing: /home/liam-bray/roboboat_ws/src/boat_interfaces/install/boat_interfaces/lib/libboat_interfaces__rosidl_typesupport_introspection_cpp.so
-- Set runtime path of "/home/liam-bray/roboboat_ws/src/boat_interfaces/install/boat_interfaces/lib/libboat_interfaces__rosidl_typesupport_introspection_cpp.so" to ""
-- Installing: /home/liam-bray/roboboat_ws/src/boat_interfaces/install/boat_interfaces/lib/libboat_interfaces__rosidl_typesupport_cpp.so
-- Set runtime path of "/home/liam-bray/roboboat_ws/src/boat_interfaces/install/boat_interfaces/lib/libboat_interfaces__rosidl_typesupport_cpp.so" to ""
-- Installing: /home/liam-bray/roboboat_ws/src/boat_interfaces/install/boat_interfaces/share/boat_interfaces/environment/pythonpath.sh
-- Installing: /home/liam-bray/roboboat_ws/src/boat_interfaces/install/boat_interfaces/share/boat_interfaces/environment/pythonpath.dsv
-- Installing: /home/liam-bray/roboboat_ws/src/boat_interfaces/install/boat_interfaces/local/lib/python3.10/dist-packages/boat_interfaces-0.0.0-py3.10.egg-info
-- Installing: /home/liam-bray/roboboat_ws/src/boat_interfaces/install/boat_interfaces/local/lib/python3.10/dist-packages/boat_interfaces-0.0.0-py3.10.egg-info/top_level.txt
-- Installing: /home/liam-bray/roboboat_ws/src/boat_interfaces/install/boat_interfaces/local/lib/python3.10/dist-packages/boat_interfaces-0.0.0-py3.10.egg-info/dependency_links.txt
-- Installing: /home/liam-bray/roboboat_ws/src/boat_interfaces/install/boat_interfaces/local/lib/python3.10/dist-packages/boat_interfaces-0.0.0-py3.10.egg-info/PKG-INFO
-- Installing: /home/liam-bray/roboboat_ws/src/boat_interfaces/install/boat_interfaces/local/lib/python3.10/dist-packages/boat_interfaces-0.0.0-py3.10.egg-info/SOURCES.txt
-- Installing: /home/liam-bray/roboboat_ws/src/boat_interfaces/install/boat_interfaces/local/lib/python3.10/dist-packages/boat_interfaces
-- Installing: /home/liam-bray/roboboat_ws/src/boat_interfaces/install/boat_interfaces/local/lib/python3.10/dist-packages/boat_interfaces/_boat_interfaces_s.ep.rosidl_typesupport_c.c
-- Installing: /home/liam-bray/roboboat_ws/src/boat_interfaces/install/boat_interfaces/local/lib/python3.10/dist-packages/boat_interfaces/msg
-- Installing: /home/liam-bray/roboboat_ws/src/boat_interfaces/install/boat_interfaces/local/lib/python3.10/dist-packages/boat_interfaces/msg/_boat_movement_s.c
-- Installing: /home/liam-bray/roboboat_ws/src/boat_interfaces/install/boat_interfaces/local/lib/python3.10/dist-packages/boat_interfaces/msg/_buoy_map_s.c
-- Installing: /home/liam-bray/roboboat_ws/src/boat_interfaces/install/boat_interfaces/local/lib/python3.10/dist-packages/boat_interfaces/msg/_boat_movement.py
-- Installing: /home/liam-bray/roboboat_ws/src/boat_interfaces/install/boat_interfaces/local/lib/python3.10/dist-packages/boat_interfaces/msg/_buoy_coordinates_s.c
-- Installing: /home/liam-bray/roboboat_ws/src/boat_interfaces/install/boat_interfaces/local/lib/python3.10/dist-packages/boat_interfaces/msg/_ai_output.py
-- Installing: /home/liam-bray/roboboat_ws/src/boat_interfaces/install/boat_interfaces/local/lib/python3.10/dist-packages/boat_interfaces/msg/__init__.py
-- Installing: /home/liam-bray/roboboat_ws/src/boat_interfaces/install/boat_interfaces/local/lib/python3.10/dist-packages/boat_interfaces/msg/_ai_output_s.c
-- Installing: /home/liam-bray/roboboat_ws/src/boat_interfaces/install/boat_interfaces/local/lib/python3.10/dist-packages/boat_interfaces/msg/_buoy_map.py
-- Installing: /home/liam-bray/roboboat_ws/src/boat_interfaces/install/boat_interfaces/local/lib/python3.10/dist-packages/boat_interfaces/msg/_buoy_coordinates.py
-- Installing: /home/liam-bray/roboboat_ws/src/boat_interfaces/install/boat_interfaces/local/lib/python3.10/dist-packages/boat_interfaces/_boat_interfaces_s.ep.rosidl_typesupport_fastrtps_c.c
-- Installing: /home/liam-bray/roboboat_ws/src/boat_interfaces/install/boat_interfaces/local/lib/python3.10/dist-packages/boat_interfaces/libboat_interfaces__rosidl_generator_py.so
-- Installing: /home/liam-bray/roboboat_ws/src/boat_interfaces/install/boat_interfaces/local/lib/python3.10/dist-packages/boat_interfaces/__init__.py
-- Installing: /home/liam-bray/roboboat_ws/src/boat_interfaces/install/boat_interfaces/local/lib/python3.10/dist-packages/boat_interfaces/boat_interfaces_s__rosidl_typesupport_introspection_c.cpython-310-x86_64-linux-gnu.so
-- Installing: /home/liam-bray/roboboat_ws/src/boat_interfaces/install/boat_interfaces/local/lib/python3.10/dist-packages/boat_interfaces/_boat_interfaces_s.ep.rosidl_typesupport_introspection_c.c
-- Installing: /home/liam-bray/roboboat_ws/src/boat_interfaces/install/boat_interfaces/local/lib/python3.10/dist-packages/boat_interfaces/boat_interfaces_s__rosidl_typesupport_c.cpython-310-x86_64-linux-gnu.so
-- Installing: /home/liam-bray/roboboat_ws/src/boat_interfaces/install/boat_interfaces/local/lib/python3.10/dist-packages/boat_interfaces/boat_interfaces_s__rosidl_typesupport_fastrtps_c.cpython-310-x86_64-linux-gnu.so
Listing '/home/liam-bray/roboboat_ws/src/boat_interfaces/install/boat_interfaces/local/lib/python3.10/dist-packages/boat_interfaces'...
Compiling '/home/liam-bray/roboboat_ws/src/boat_interfaces/install/boat_interfaces/local/lib/python3.10/dist-packages/boat_interfaces/__init__.py'...
Listing '/home/liam-bray/roboboat_ws/src/boat_interfaces/install/boat_interfaces/local/lib/python3.10/dist-packages/boat_interfaces/msg'...
Compiling '/home/liam-bray/roboboat_ws/src/boat_interfaces/install/boat_interfaces/local/lib/python3.10/dist-packages/boat_interfaces/msg/__init__.py'...
Compiling '/home/liam-bray/roboboat_ws/src/boat_interfaces/install/boat_interfaces/local/lib/python3.10/dist-packages/boat_interfaces/msg/_ai_output.py'...
Compiling '/home/liam-bray/roboboat_ws/src/boat_interfaces/install/boat_interfaces/local/lib/python3.10/dist-packages/boat_interfaces/msg/_boat_movement.py'...
Compiling '/home/liam-bray/roboboat_ws/src/boat_interfaces/install/boat_interfaces/local/lib/python3.10/dist-packages/boat_interfaces/msg/_buoy_coordinates.py'...
Compiling '/home/liam-bray/roboboat_ws/src/boat_interfaces/install/boat_interfaces/local/lib/python3.10/dist-packages/boat_interfaces/msg/_buoy_map.py'...
-- Installing: /home/liam-bray/roboboat_ws/src/boat_interfaces/install/boat_interfaces/local/lib/python3.10/dist-packages/boat_interfaces/boat_interfaces_s__rosidl_typesupport_fastrtps_c.cpython-310-x86_64-linux-gnu.so
-- Set runtime path of "/home/liam-bray/roboboat_ws/src/boat_interfaces/install/boat_interfaces/local/lib/python3.10/dist-packages/boat_interfaces/boat_interfaces_s__rosidl_typesupport_fastrtps_c.cpython-310-x86_64-linux-gnu.so" to ""
-- Installing: /home/liam-bray/roboboat_ws/src/boat_interfaces/install/boat_interfaces/local/lib/python3.10/dist-packages/boat_interfaces/boat_interfaces_s__rosidl_typesupport_introspection_c.cpython-310-x86_64-linux-gnu.so
-- Set runtime path of "/home/liam-bray/roboboat_ws/src/boat_interfaces/install/boat_interfaces/local/lib/python3.10/dist-packages/boat_interfaces/boat_interfaces_s__rosidl_typesupport_introspection_c.cpython-310-x86_64-linux-gnu.so" to ""
-- Installing: /home/liam-bray/roboboat_ws/src/boat_interfaces/install/boat_interfaces/local/lib/python3.10/dist-packages/boat_interfaces/boat_interfaces_s__rosidl_typesupport_c.cpython-310-x86_64-linux-gnu.so
-- Set runtime path of "/home/liam-bray/roboboat_ws/src/boat_interfaces/install/boat_interfaces/local/lib/python3.10/dist-packages/boat_interfaces/boat_interfaces_s__rosidl_typesupport_c.cpython-310-x86_64-linux-gnu.so" to ""
-- Installing: /home/liam-bray/roboboat_ws/src/boat_interfaces/install/boat_interfaces/lib/libboat_interfaces__rosidl_generator_py.so
-- Set runtime path of "/home/liam-bray/roboboat_ws/src/boat_interfaces/install/boat_interfaces/lib/libboat_interfaces__rosidl_generator_py.so" to ""
-- Installing: /home/liam-bray/roboboat_ws/src/boat_interfaces/install/boat_interfaces/share/boat_interfaces/msg/AiOutput.idl
-- Installing: /home/liam-bray/roboboat_ws/src/boat_interfaces/install/boat_interfaces/share/boat_interfaces/msg/BuoyCoordinates.idl
-- Installing: /home/liam-bray/roboboat_ws/src/boat_interfaces/install/boat_interfaces/share/boat_interfaces/msg/BuoyMap.idl
-- Installing: /home/liam-bray/roboboat_ws/src/boat_interfaces/install/boat_interfaces/share/boat_interfaces/msg/BoatMovement.idl
-- Installing: /home/liam-bray/roboboat_ws/src/boat_interfaces/install/boat_interfaces/share/boat_interfaces/msg/AiOutput.msg
-- Installing: /home/liam-bray/roboboat_ws/src/boat_interfaces/install/boat_interfaces/share/boat_interfaces/msg/BuoyCoordinates.msg
-- Installing: /home/liam-bray/roboboat_ws/src/boat_interfaces/install/boat_interfaces/share/boat_interfaces/msg/BuoyMap.msg
-- Installing: /home/liam-bray/roboboat_ws/src/boat_interfaces/install/boat_interfaces/share/boat_interfaces/msg/BoatMovement.msg
-- Installing: /home/liam-bray/roboboat_ws/src/boat_interfaces/install/boat_interfaces/share/ament_index/resource_index/package_run_dependencies/boat_interfaces
-- Installing: /home/liam-bray/roboboat_ws/src/boat_interfaces/install/boat_interfaces/share/ament_index/resource_index/parent_prefix_path/boat_interfaces
-- Installing: /home/liam-bray/roboboat_ws/src/boat_interfaces/install/boat_interfaces/share/boat_interfaces/environment/ament_prefix_path.sh
-- Installing: /home/liam-bray/roboboat_ws/src/boat_interfaces/install/boat_interfaces/share/boat_interfaces/environment/ament_prefix_path.dsv
-- Installing: /home/liam-bray/roboboat_ws/src/boat_interfaces/install/boat_interfaces/share/boat_interfaces/environment/path.sh
-- Installing: /home/liam-bray/roboboat_ws/src/boat_interfaces/install/boat_interfaces/share/boat_interfaces/environment/path.dsv
-- Installing: /home/liam-bray/roboboat_ws/src/boat_interfaces/install/boat_interfaces/share/boat_interfaces/local_setup.bash
-- Installing: /home/liam-bray/roboboat_ws/src/boat_interfaces/install/boat_interfaces/share/boat_interfaces/local_setup.sh
-- Installing: /home/liam-bray/roboboat_ws/src/boat_interfaces/install/boat_interfaces/share/boat_interfaces/local_setup.zsh
-- Installing: /home/liam-bray/roboboat_ws/src/boat_interfaces/install/boat_interfaces/share/boat_interfaces/local_setup.dsv
-- Installing: /home/liam-bray/roboboat_ws/src/boat_interfaces/install/boat_interfaces/share/boat_interfaces/package.dsv
-- Installing: /home/liam-bray/roboboat_ws/src/boat_interfaces/install/boat_interfaces/share/ament_index/resource_index/packages/boat_interfaces
-- Installing: /home/liam-bray/roboboat_ws/src/boat_interfaces/install/boat_interfaces/share/boat_interfaces/cmake/export_boat_interfaces__rosidl_generator_cExport.cmake
-- Installing: /home/liam-bray/roboboat_ws/src/boat_interfaces/install/boat_interfaces/share/boat_interfaces/cmake/export_boat_interfaces__rosidl_generator_cExport-noconfig.cmake
-- Installing: /home/liam-bray/roboboat_ws/src/boat_interfaces/install/boat_interfaces/share/boat_interfaces/cmake/export_boat_interfaces__rosidl_typesupport_fastrtps_cExport.cmake
-- Installing: /home/liam-bray/roboboat_ws/src/boat_interfaces/install/boat_interfaces/share/boat_interfaces/cmake/export_boat_interfaces__rosidl_typesupport_fastrtps_cExport-noconfig.cmake
-- Installing: /home/liam-bray/roboboat_ws/src/boat_interfaces/install/boat_interfaces/share/boat_interfaces/cmake/boat_interfaces__rosidl_typesupport_introspection_cExport.cmake
-- Installing: /home/liam-bray/roboboat_ws/src/boat_interfaces/install/boat_interfaces/share/boat_interfaces/cmake/boat_interfaces__rosidl_typesupport_introspection_cExport-noconfig.cmake
-- Installing: /home/liam-bray/roboboat_ws/src/boat_interfaces/install/boat_interfaces/share/boat_interfaces/cmake/boat_interfaces__rosidl_typesupport_cExport.cmake
-- Installing: /home/liam-bray/roboboat_ws/src/boat_interfaces/install/boat_interfaces/share/boat_interfaces/cmake/boat_interfaces__rosidl_typesupport_cExport-noconfig.cmake
-- Installing: /home/liam-bray/roboboat_ws/src/boat_interfaces/install/boat_interfaces/share/boat_interfaces/cmake/export_boat_interfaces__rosidl_generator_cppExport.cmake
-- Installing: /home/liam-bray/roboboat_ws/src/boat_interfaces/install/boat_interfaces/share/boat_interfaces/cmake/export_boat_interfaces__rosidl_typesupport_fastrtps_cppExport.cmake
-- Installing: /home/liam-bray/roboboat_ws/src/boat_interfaces/install/boat_interfaces/share/boat_interfaces/cmake/export_boat_interfaces__rosidl_typesupport_fastrtps_cppExport-noconfig.cmake
-- Installing: /home/liam-bray/roboboat_ws/src/boat_interfaces/install/boat_interfaces/share/boat_interfaces/cmake/boat_interfaces__rosidl_typesupport_introspection_cppExport.cmake
-- Installing: /home/liam-bray/roboboat_ws/src/boat_interfaces/install/boat_interfaces/share/boat_interfaces/cmake/boat_interfaces__rosidl_typesupport_introspection_cppExport-noconfig.cmake
-- Installing: /home/liam-bray/roboboat_ws/src/boat_interfaces/install/boat_interfaces/share/boat_interfaces/cmake/boat_interfaces__rosidl_typesupport_cppExport.cmake
-- Installing: /home/liam-bray/roboboat_ws/src/boat_interfaces/install/boat_interfaces/share/boat_interfaces/cmake/boat_interfaces__rosidl_typesupport_cppExport-noconfig.cmake
-- Installing: /home/liam-bray/roboboat_ws/src/boat_interfaces/install/boat_interfaces/share/boat_interfaces/cmake/export_boat_interfaces__rosidl_generator_pyExport.cmake
-- Installing: /home/liam-bray/roboboat_ws/src/boat_interfaces/install/boat_interfaces/share/boat_interfaces/cmake/export_boat_interfaces__rosidl_generator_pyExport-noconfig.cmake
-- Installing: /home/liam-bray/roboboat_ws/src/boat_interfaces/install/boat_interfaces/share/boat_interfaces/cmake/rosidl_cmake-extras.cmake
-- Installing: /home/liam-bray/roboboat_ws/src/boat_interfaces/install/boat_interfaces/share/boat_interfaces/cmake/ament_cmake_export_include_directories-extras.cmake
-- Installing: /home/liam-bray/roboboat_ws/src/boat_interfaces/install/boat_interfaces/share/boat_interfaces/cmake/ament_cmake_export_libraries-extras.cmake
-- Installing: /home/liam-bray/roboboat_ws/src/boat_interfaces/install/boat_interfaces/share/boat_interfaces/cmake/ament_cmake_export_targets-extras.cmake
-- Installing: /home/liam-bray/roboboat_ws/src/boat_interfaces/install/boat_interfaces/share/boat_interfaces/cmake/rosidl_cmake_export_typesupport_targets-extras.cmake
-- Installing: /home/liam-bray/roboboat_ws/src/boat_interfaces/install/boat_interfaces/share/boat_interfaces/cmake/ament_cmake_export_dependencies-extras.cmake
-- Installing: /home/liam-bray/roboboat_ws/src/boat_interfaces/install/boat_interfaces/share/boat_interfaces/cmake/rosidl_cmake_export_typesupport_libraries-extras.cmake
-- Installing: /home/liam-bray/roboboat_ws/src/boat_interfaces/install/boat_interfaces/share/boat_interfaces/cmake/boat_interfacesConfig.cmake
-- Installing: /home/liam-bray/roboboat_ws/src/boat_interfaces/install/boat_interfaces/share/boat_interfaces/cmake/boat_interfacesConfig-version.cmake
-- Installing: /home/liam-bray/roboboat_ws/src/boat_interfaces/install/boat_interfaces/share/boat_interfaces/package.xml
